<?xml version="1.0" encoding="UTF-8"?>
<testsuite xmlns:xsi="http://www.w3.org/2001/XMLSchema-instance" xsi:noNamespaceSchemaLocation="https://maven.apache.org/surefire/maven-surefire-plugin/xsd/surefire-test-report.xsd" name="TestPerson" time="0.414" tests="8" errors="0" skipped="0" failures="4">
  <properties>
    <property name="java.specification.version" value="19"/>
    <property name="sun.cpu.isalist" value="amd64"/>
    <property name="sun.jnu.encoding" value="Cp1251"/>
    <property name="java.class.path" value="C:\Users\ajlek\IdeaProjects\Teenager\target\test-classes;C:\Users\ajlek\IdeaProjects\Teenager\target\classes;C:\Users\ajlek\.m2\repository\org\testng\testng\7.6.0\testng-7.6.0.jar;C:\Users\ajlek\.m2\repository\com\google\code\findbugs\jsr305\3.0.2\jsr305-3.0.2.jar;C:\Users\ajlek\.m2\repository\org\slf4j\slf4j-api\1.7.36\slf4j-api-1.7.36.jar;C:\Users\ajlek\.m2\repository\com\beust\jcommander\1.82\jcommander-1.82.jar;C:\Users\ajlek\.m2\repository\org\webjars\jquery\3.6.0\jquery-3.6.0.jar;"/>
    <property name="java.vm.vendor" value="Oracle Corporation"/>
    <property name="sun.arch.data.model" value="64"/>
    <property name="user.variant" value=""/>
    <property name="java.vendor.url" value="https://java.oracle.com/"/>
    <property name="user.timezone" value="Asia/Omsk"/>
    <property name="os.name" value="Windows 11"/>
    <property name="java.vm.specification.version" value="19"/>
    <property name="sun.java.launcher" value="SUN_STANDARD"/>
    <property name="user.country" value="RU"/>
    <property name="sun.boot.library.path" value="C:\Program Files\Java\jdk-19\bin"/>
    <property name="sun.java.command" value="C:\Users\ajlek\AppData\Local\Temp\surefire2270863613335331906\surefirebooter13501762383803371971.jar C:\Users\ajlek\AppData\Local\Temp\surefire2270863613335331906 2023-02-26T19-57-10_505-jvmRun1 surefire5911058972847124942tmp surefire_093959136519893787tmp"/>
    <property name="jdk.debug" value="release"/>
    <property name="surefire.test.class.path" value="C:\Users\ajlek\IdeaProjects\Teenager\target\test-classes;C:\Users\ajlek\IdeaProjects\Teenager\target\classes;C:\Users\ajlek\.m2\repository\org\testng\testng\7.6.0\testng-7.6.0.jar;C:\Users\ajlek\.m2\repository\com\google\code\findbugs\jsr305\3.0.2\jsr305-3.0.2.jar;C:\Users\ajlek\.m2\repository\org\slf4j\slf4j-api\1.7.36\slf4j-api-1.7.36.jar;C:\Users\ajlek\.m2\repository\com\beust\jcommander\1.82\jcommander-1.82.jar;C:\Users\ajlek\.m2\repository\org\webjars\jquery\3.6.0\jquery-3.6.0.jar;"/>
    <property name="sun.cpu.endian" value="little"/>
    <property name="user.home" value="C:\Users\ajlek"/>
    <property name="user.language" value="ru"/>
    <property name="java.specification.vendor" value="Oracle Corporation"/>
    <property name="java.version.date" value="2022-10-18"/>
    <property name="java.home" value="C:\Program Files\Java\jdk-19"/>
    <property name="file.separator" value="\"/>
    <property name="basedir" value="C:\Users\ajlek\IdeaProjects\Teenager"/>
    <property name="java.vm.compressedOopsMode" value="Zero based"/>
    <property name="line.separator" value="&#10;"/>
    <property name="java.vm.specification.vendor" value="Oracle Corporation"/>
    <property name="java.specification.name" value="Java Platform API Specification"/>
    <property name="surefire.real.class.path" value="C:\Users\ajlek\AppData\Local\Temp\surefire2270863613335331906\surefirebooter13501762383803371971.jar"/>
    <property name="user.script" value=""/>
    <property name="sun.management.compiler" value="HotSpot 64-Bit Tiered Compilers"/>
    <property name="java.runtime.version" value="19.0.1+10-21"/>
    <property name="user.name" value="ajlek"/>
    <property name="stdout.encoding" value="Cp1251"/>
    <property name="path.separator" value=";"/>
    <property name="os.version" value="10.0"/>
    <property name="java.runtime.name" value="Java(TM) SE Runtime Environment"/>
    <property name="file.encoding" value="UTF-8"/>
    <property name="java.vm.name" value="Java HotSpot(TM) 64-Bit Server VM"/>
    <property name="localRepository" value="C:\Users\ajlek\.m2\repository"/>
    <property name="java.vendor.url.bug" value="https://bugreport.java.com/bugreport/"/>
    <property name="java.io.tmpdir" value="C:\Users\ajlek\AppData\Local\Temp\"/>
    <property name="java.version" value="19.0.1"/>
    <property name="user.dir" value="C:\Users\ajlek\IdeaProjects\Teenager"/>
    <property name="os.arch" value="amd64"/>
    <property name="java.vm.specification.name" value="Java Virtual Machine Specification"/>
    <property name="sun.os.patch.level" value=""/>
    <property name="native.encoding" value="Cp1251"/>
    <property name="java.library.path" value="C:\Program Files\Java\jdk-19\bin;C:\WINDOWS\Sun\Java\bin;C:\WINDOWS\system32;C:\WINDOWS;C:\Program Files\Common Files\Oracle\Java\javapath;C:\WINDOWS\system32;C:\WINDOWS;C:\WINDOWS\System32\Wbem;C:\WINDOWS\System32\WindowsPowerShell\v1.0\;C:\WINDOWS\System32\OpenSSH\;C:\Program Files\Git\cmd;C:\Program Files\PowerShell\7\;%IntelliJ IDEA Community Edition%;C:\Maven\apache-maven-3.9.0\bin;C:\Users\ajlek\AppData\Local\Microsoft\WindowsApps;C:\Users\ajlek\AppData\Local\Programs\Microsoft VS Code\bin;C:\Program Files\Java\jdk-19\bin;;."/>
    <property name="java.vm.info" value="mixed mode, sharing"/>
    <property name="stderr.encoding" value="Cp1251"/>
    <property name="java.vendor" value="Oracle Corporation"/>
    <property name="java.vm.version" value="19.0.1+10-21"/>
    <property name="sun.io.unicode.encoding" value="UnicodeLittle"/>
    <property name="java.class.version" value="63.0"/>
  </properties>
  <testcase name="personIsTeenagerTest" classname="TestPerson" time="0.017">
    <failure message="expected [false] but found [true]" type="java.lang.AssertionError">java.lang.AssertionError: expected [false] but found [true]
	at TestPerson.personIsTeenagerTest(TestPerson.java:53)
</failure>
    <system-out><![CDATA[The test started in: 2023/02/26 19:57:11
Для возраста -1: Результат: true / Ожидаемый результат: false
]]></system-out>
    <system-err><![CDATA[SLF4J: Failed to load class "org.slf4j.impl.StaticLoggerBinder".
SLF4J: Defaulting to no-operation (NOP) logger implementation
SLF4J: See http://www.slf4j.org/codes.html#StaticLoggerBinder for further details.
]]></system-err>
  </testcase>
  <testcase name="personIsTeenagerTest" classname="TestPerson" time="0">
    <failure message="expected [false] but found [true]" type="java.lang.AssertionError">java.lang.AssertionError: expected [false] but found [true]
	at TestPerson.personIsTeenagerTest(TestPerson.java:53)
</failure>
    <system-out><![CDATA[Для возраста 0: Результат: true / Ожидаемый результат: false
]]></system-out>
  </testcase>
  <testcase name="personIsTeenagerTest" classname="TestPerson" time="0">
    <failure message="expected [false] but found [true]" type="java.lang.AssertionError">java.lang.AssertionError: expected [false] but found [true]
	at TestPerson.personIsTeenagerTest(TestPerson.java:53)
</failure>
    <system-out><![CDATA[Для возраста 12: Результат: true / Ожидаемый результат: false
]]></system-out>
  </testcase>
  <testcase name="personIsTeenagerTest" classname="TestPerson" time="0"/>
  <testcase name="personIsTeenagerTest" classname="TestPerson" time="0"/>
  <testcase name="personIsTeenagerTest" classname="TestPerson" time="0.001"/>
  <testcase name="personIsTeenagerTest" classname="TestPerson" time="0">
    <failure message="expected [true] but found [false]" type="java.lang.AssertionError">java.lang.AssertionError: expected [true] but found [false]
	at TestPerson.personIsTeenagerTest(TestPerson.java:53)
</failure>
    <system-out><![CDATA[Для возраста 19: Результат: false / Ожидаемый результат: true
]]></system-out>
  </testcase>
  <testcase name="personIsTeenagerTest" classname="TestPerson" time="0"/>
</testsuite>